2020-02-12 20:21:00,039 [Worker-3: Loading available Gradle versions] INFO  o.e.b.c.i.u.g.PublishedGradleVersions - Gradle version information cache is out-of-date. Trying to update.
2020-02-12 20:24:48,765 [Worker-1: Creating maven-archetype-quickstart] INFO  o.e.m.c.i.p.ProjectConfigurationManager - Collecting project info '/pom.xml' C:\Users\Lenovo\eclipsce\calci-demo\pom.xml
2020-02-12 20:25:28,396 [Worker-1: Creating maven-archetype-quickstart] INFO  o.e.m.c.i.l.LifecycleMappingFactory - Using org.eclipse.m2e.jdt.JarLifecycleMapping lifecycle mapping for MavenProject: com.epam:calci-demo:0.0.1-SNAPSHOT @ C:\Users\Lenovo\eclipsce\calci-demo\pom.xml.
2020-02-12 20:25:39,045 [Worker-1: Creating maven-archetype-quickstart] INFO  o.e.m.j.i.AbstractJavaProjectConfigurator - Adding source folder /calci-demo/src/main/java
2020-02-12 20:25:39,101 [Worker-1: Creating maven-archetype-quickstart] INFO  o.e.m.j.i.AbstractJavaProjectConfigurator - Adding source folder /calci-demo/src/test/java
2020-02-12 20:25:53,587 [Worker-1: Creating maven-archetype-quickstart] INFO  o.e.m.c.i.p.ProjectConfigurationManager - Imported and configured 1 project(s) in 64 sec
2020-02-12 20:26:12,370 [Worker-1: Building] INFO  o.e.m.c.i.embedder.EclipseLogger - Using 'UTF-8' encoding to copy filtered resources.
2020-02-12 20:26:12,371 [Worker-1: Building] INFO  o.e.m.c.i.embedder.EclipseLogger - skip non existing resourceDirectory C:\Users\Lenovo\eclipsce\calci-demo\src\main\resources
2020-02-12 20:26:12,381 [Worker-1: Building] INFO  o.e.m.c.i.embedder.EclipseLogger - Using 'UTF-8' encoding to copy filtered resources.
2020-02-12 20:26:12,382 [Worker-1: Building] INFO  o.e.m.c.i.embedder.EclipseLogger - skip non existing resourceDirectory C:\Users\Lenovo\eclipsce\calci-demo\src\test\resources
2020-02-12 20:27:36,119 [Worker-13: Building] INFO  o.e.m.c.i.embedder.EclipseLogger - Using 'UTF-8' encoding to copy filtered resources.
2020-02-12 20:27:36,120 [Worker-13: Building] INFO  o.e.m.c.i.embedder.EclipseLogger - skip non existing resourceDirectory C:\Users\Lenovo\eclipsce\calci-demo\src\main\resources
2020-02-12 20:27:36,128 [Worker-13: Building] INFO  o.e.m.c.i.embedder.EclipseLogger - Using 'UTF-8' encoding to copy filtered resources.
2020-02-12 20:27:36,128 [Worker-13: Building] INFO  o.e.m.c.i.embedder.EclipseLogger - skip non existing resourceDirectory C:\Users\Lenovo\eclipsce\calci-demo\src\test\resources
2020-02-12 20:28:47,608 [Worker-14: Building] INFO  o.e.m.c.i.embedder.EclipseLogger - Using 'UTF-8' encoding to copy filtered resources.
2020-02-12 20:28:47,609 [Worker-14: Building] INFO  o.e.m.c.i.embedder.EclipseLogger - skip non existing resourceDirectory C:\Users\Lenovo\eclipsce\calci-demo\src\main\resources
2020-02-12 20:28:47,615 [Worker-14: Building] INFO  o.e.m.c.i.embedder.EclipseLogger - Using 'UTF-8' encoding to copy filtered resources.
2020-02-12 20:28:47,616 [Worker-14: Building] INFO  o.e.m.c.i.embedder.EclipseLogger - skip non existing resourceDirectory C:\Users\Lenovo\eclipsce\calci-demo\src\test\resources
2020-02-12 20:28:52,217 [Worker-12: Building] INFO  o.e.m.c.i.embedder.EclipseLogger - Using 'UTF-8' encoding to copy filtered resources.
2020-02-12 20:28:52,219 [Worker-12: Building] INFO  o.e.m.c.i.embedder.EclipseLogger - skip non existing resourceDirectory C:\Users\Lenovo\eclipsce\calci-demo\src\main\resources
2020-02-12 20:28:52,226 [Worker-12: Building] INFO  o.e.m.c.i.embedder.EclipseLogger - Using 'UTF-8' encoding to copy filtered resources.
2020-02-12 20:28:52,227 [Worker-12: Building] INFO  o.e.m.c.i.embedder.EclipseLogger - skip non existing resourceDirectory C:\Users\Lenovo\eclipsce\calci-demo\src\test\resources
2020-02-12 20:29:03,965 [Worker-1: Building] INFO  o.e.m.c.i.embedder.EclipseLogger - Using 'UTF-8' encoding to copy filtered resources.
2020-02-12 20:29:03,966 [Worker-1: Building] INFO  o.e.m.c.i.embedder.EclipseLogger - skip non existing resourceDirectory C:\Users\Lenovo\eclipsce\calci-demo\src\main\resources
2020-02-12 20:29:03,972 [Worker-1: Building] INFO  o.e.m.c.i.embedder.EclipseLogger - Using 'UTF-8' encoding to copy filtered resources.
2020-02-12 20:29:03,973 [Worker-1: Building] INFO  o.e.m.c.i.embedder.EclipseLogger - skip non existing resourceDirectory C:\Users\Lenovo\eclipsce\calci-demo\src\test\resources
2020-02-12 20:30:53,395 [Worker-17: Building] INFO  o.e.m.c.i.embedder.EclipseLogger - Using 'UTF-8' encoding to copy filtered resources.
2020-02-12 20:30:53,396 [Worker-17: Building] INFO  o.e.m.c.i.embedder.EclipseLogger - skip non existing resourceDirectory C:\Users\Lenovo\eclipsce\calci-demo\src\main\resources
2020-02-12 20:30:53,403 [Worker-17: Building] INFO  o.e.m.c.i.embedder.EclipseLogger - Using 'UTF-8' encoding to copy filtered resources.
2020-02-12 20:30:53,404 [Worker-17: Building] INFO  o.e.m.c.i.embedder.EclipseLogger - skip non existing resourceDirectory C:\Users\Lenovo\eclipsce\calci-demo\src\test\resources
2020-02-12 20:31:12,599 [Worker-1: Building] INFO  o.e.m.c.i.embedder.EclipseLogger - Using 'UTF-8' encoding to copy filtered resources.
2020-02-12 20:31:12,601 [Worker-1: Building] INFO  o.e.m.c.i.embedder.EclipseLogger - skip non existing resourceDirectory C:\Users\Lenovo\eclipsce\calci-demo\src\main\resources
2020-02-12 20:31:12,617 [Worker-1: Building] INFO  o.e.m.c.i.embedder.EclipseLogger - Using 'UTF-8' encoding to copy filtered resources.
2020-02-12 20:31:12,617 [Worker-1: Building] INFO  o.e.m.c.i.embedder.EclipseLogger - skip non existing resourceDirectory C:\Users\Lenovo\eclipsce\calci-demo\src\test\resources
2020-02-12 20:31:29,874 [Worker-15: Building] INFO  o.e.m.c.i.embedder.EclipseLogger - Using 'UTF-8' encoding to copy filtered resources.
2020-02-12 20:31:29,875 [Worker-15: Building] INFO  o.e.m.c.i.embedder.EclipseLogger - skip non existing resourceDirectory C:\Users\Lenovo\eclipsce\calci-demo\src\main\resources
2020-02-12 20:31:29,888 [Worker-15: Building] INFO  o.e.m.c.i.embedder.EclipseLogger - Using 'UTF-8' encoding to copy filtered resources.
2020-02-12 20:31:29,889 [Worker-15: Building] INFO  o.e.m.c.i.embedder.EclipseLogger - skip non existing resourceDirectory C:\Users\Lenovo\eclipsce\calci-demo\src\test\resources
2020-02-12 20:32:55,659 [Worker-14: Launching Executing install in C__Users_Lenovo_eclipsce_calci-demo] INFO  o.e.m.i.launch.MavenLaunchDelegate - C:\Users\Lenovo\eclipsce\calci-demo
2020-02-12 20:32:55,663 [Worker-14: Launching Executing install in C__Users_Lenovo_eclipsce_calci-demo] INFO  o.e.m.i.launch.MavenLaunchDelegate -  mvn -B install
2020-02-12 20:33:08,642 [Worker-13: Building] INFO  o.e.m.c.i.embedder.EclipseLogger - Using 'UTF-8' encoding to copy filtered resources.
2020-02-12 20:33:08,643 [Worker-13: Building] INFO  o.e.m.c.i.embedder.EclipseLogger - skip non existing resourceDirectory C:\Users\Lenovo\eclipsce\calci-demo\src\main\resources
2020-02-12 20:33:08,650 [Worker-13: Building] INFO  o.e.m.c.i.embedder.EclipseLogger - Using 'UTF-8' encoding to copy filtered resources.
2020-02-12 20:33:08,650 [Worker-13: Building] INFO  o.e.m.c.i.embedder.EclipseLogger - skip non existing resourceDirectory C:\Users\Lenovo\eclipsce\calci-demo\src\test\resources
2020-02-12 20:35:10,352 [Worker-17: Building] INFO  o.e.m.c.i.embedder.EclipseLogger - Using 'UTF-8' encoding to copy filtered resources.
2020-02-12 20:35:10,352 [Worker-17: Building] INFO  o.e.m.c.i.embedder.EclipseLogger - skip non existing resourceDirectory C:\Users\Lenovo\eclipsce\calci-demo\src\main\resources
2020-02-12 20:35:10,357 [Worker-17: Building] INFO  o.e.m.c.i.embedder.EclipseLogger - Using 'UTF-8' encoding to copy filtered resources.
2020-02-12 20:35:10,358 [Worker-17: Building] INFO  o.e.m.c.i.embedder.EclipseLogger - skip non existing resourceDirectory C:\Users\Lenovo\eclipsce\calci-demo\src\test\resources
2020-02-12 20:35:56,048 [Worker-15: Building] INFO  o.e.m.c.i.embedder.EclipseLogger - Using 'UTF-8' encoding to copy filtered resources.
2020-02-12 20:35:56,049 [Worker-15: Building] INFO  o.e.m.c.i.embedder.EclipseLogger - skip non existing resourceDirectory C:\Users\Lenovo\eclipsce\calci-demo\src\main\resources
2020-02-12 20:35:56,055 [Worker-15: Building] INFO  o.e.m.c.i.embedder.EclipseLogger - Using 'UTF-8' encoding to copy filtered resources.
2020-02-12 20:35:56,058 [Worker-15: Building] INFO  o.e.m.c.i.embedder.EclipseLogger - skip non existing resourceDirectory C:\Users\Lenovo\eclipsce\calci-demo\src\test\resources
2020-02-12 20:36:05,212 [Worker-16: Launching Executing install in C__Users_Lenovo_eclipsce_calci-demo] INFO  o.e.m.i.launch.MavenLaunchDelegate - C:\Users\Lenovo\eclipsce\calci-demo
2020-02-12 20:36:05,212 [Worker-16: Launching Executing install in C__Users_Lenovo_eclipsce_calci-demo] INFO  o.e.m.i.launch.MavenLaunchDelegate -  mvn -B install
